  pch.cpp
  Animation.cpp
  Bloodpool.cpp
  Bullet.cpp
  Camera.cpp
  Car.cpp
  Core.cpp
  Dog.cpp
  Door.cpp
  Enemy.cpp
  EnemyManager.cpp
  Game.cpp
  GameObject.cpp
  Gun.cpp
  HUD.cpp
  Level.cpp
  main.cpp
  Matrix2x3.cpp
  Mellee.cpp
  Mobster.cpp
  Pickup.cpp
  Generating Code...
  Compiling...
  PickupManager.cpp
  Player.cpp
  SoundEffect.cpp
  SoundStream.cpp
  structs.cpp
  SVGParser.cpp
  Texture.cpp
  ResourceManager.cpp
  utils.cpp
  Vector2f.cpp
  Weapon.cpp
  Generating Code...
  HotlineMiami.vcxproj -> C:\Users\maxim\OneDrive - Hogeschool West-Vlaanderen\Howest\SEM2_Programming2\00_Game_Project\Robeyst_Maxim_HotlineMiami\Game\Debug\HotlineMiami.exe
  COPY THE DLL FILES
  0 File(s) copied
  0 File(s) copied
  0 File(s) copied
  0 File(s) copied
