c:\users\maxim\onedrive - hogeschool west-vlaanderen\howest\sem2\sem2_programming2\00_game_project\game\hotlinemiami\debug\hotlinemiami.pch
c:\users\maxim\onedrive - hogeschool west-vlaanderen\howest\sem2\sem2_programming2\00_game_project\game\hotlinemiami\debug\vc142.pdb
c:\users\maxim\onedrive - hogeschool west-vlaanderen\howest\sem2\sem2_programming2\00_game_project\game\hotlinemiami\debug\vc142.idb
c:\users\maxim\onedrive - hogeschool west-vlaanderen\howest\sem2\sem2_programming2\00_game_project\game\hotlinemiami\debug\pch.obj
c:\users\maxim\onedrive - hogeschool west-vlaanderen\howest\sem2\sem2_programming2\00_game_project\game\hotlinemiami\debug\soundeffect.obj
c:\users\maxim\onedrive - hogeschool west-vlaanderen\howest\sem2\sem2_programming2\00_game_project\game\hotlinemiami\debug\player.obj
c:\users\maxim\onedrive - hogeschool west-vlaanderen\howest\sem2\sem2_programming2\00_game_project\game\hotlinemiami\debug\pickupmanager.obj
c:\users\maxim\onedrive - hogeschool west-vlaanderen\howest\sem2\sem2_programming2\00_game_project\game\hotlinemiami\debug\pickup.obj
c:\users\maxim\onedrive - hogeschool west-vlaanderen\howest\sem2\sem2_programming2\00_game_project\game\hotlinemiami\debug\mellee.obj
c:\users\maxim\onedrive - hogeschool west-vlaanderen\howest\sem2\sem2_programming2\00_game_project\game\hotlinemiami\debug\matrix2x3.obj
c:\users\maxim\onedrive - hogeschool west-vlaanderen\howest\sem2\sem2_programming2\00_game_project\game\hotlinemiami\debug\main.obj
c:\users\maxim\onedrive - hogeschool west-vlaanderen\howest\sem2\sem2_programming2\00_game_project\game\hotlinemiami\debug\level.obj
c:\users\maxim\onedrive - hogeschool west-vlaanderen\howest\sem2\sem2_programming2\00_game_project\game\hotlinemiami\debug\hud.obj
c:\users\maxim\onedrive - hogeschool west-vlaanderen\howest\sem2\sem2_programming2\00_game_project\game\hotlinemiami\debug\gun.obj
c:\users\maxim\onedrive - hogeschool west-vlaanderen\howest\sem2\sem2_programming2\00_game_project\game\hotlinemiami\debug\gameobject.obj
c:\users\maxim\onedrive - hogeschool west-vlaanderen\howest\sem2\sem2_programming2\00_game_project\game\hotlinemiami\debug\game.obj
c:\users\maxim\onedrive - hogeschool west-vlaanderen\howest\sem2\sem2_programming2\00_game_project\game\hotlinemiami\debug\enemymanager.obj
c:\users\maxim\onedrive - hogeschool west-vlaanderen\howest\sem2\sem2_programming2\00_game_project\game\hotlinemiami\debug\enemy.obj
c:\users\maxim\onedrive - hogeschool west-vlaanderen\howest\sem2\sem2_programming2\00_game_project\game\hotlinemiami\debug\door.obj
c:\users\maxim\onedrive - hogeschool west-vlaanderen\howest\sem2\sem2_programming2\00_game_project\game\hotlinemiami\debug\core.obj
c:\users\maxim\onedrive - hogeschool west-vlaanderen\howest\sem2\sem2_programming2\00_game_project\game\hotlinemiami\debug\camera.obj
c:\users\maxim\onedrive - hogeschool west-vlaanderen\howest\sem2\sem2_programming2\00_game_project\game\hotlinemiami\debug\bullet.obj
c:\users\maxim\onedrive - hogeschool west-vlaanderen\howest\sem2\sem2_programming2\00_game_project\game\hotlinemiami\debug\bloodpool.obj
c:\users\maxim\onedrive - hogeschool west-vlaanderen\howest\sem2\sem2_programming2\00_game_project\game\hotlinemiami\debug\animation.obj
c:\users\maxim\onedrive - hogeschool west-vlaanderen\howest\sem2\sem2_programming2\00_game_project\game\hotlinemiami\debug\weapon.obj
c:\users\maxim\onedrive - hogeschool west-vlaanderen\howest\sem2\sem2_programming2\00_game_project\game\hotlinemiami\debug\vector2f.obj
c:\users\maxim\onedrive - hogeschool west-vlaanderen\howest\sem2\sem2_programming2\00_game_project\game\hotlinemiami\debug\utils.obj
c:\users\maxim\onedrive - hogeschool west-vlaanderen\howest\sem2\sem2_programming2\00_game_project\game\hotlinemiami\debug\texture.obj
c:\users\maxim\onedrive - hogeschool west-vlaanderen\howest\sem2\sem2_programming2\00_game_project\game\hotlinemiami\debug\svgparser.obj
c:\users\maxim\onedrive - hogeschool west-vlaanderen\howest\sem2\sem2_programming2\00_game_project\game\hotlinemiami\debug\structs.obj
c:\users\maxim\onedrive - hogeschool west-vlaanderen\howest\sem2\sem2_programming2\00_game_project\game\hotlinemiami\debug\soundstream.obj
c:\users\maxim\onedrive - hogeschool west-vlaanderen\howest\sem2\sem2_programming2\00_game_project\game\debug\hotlinemiami.exe
c:\users\maxim\onedrive - hogeschool west-vlaanderen\howest\sem2\sem2_programming2\00_game_project\game\debug\hotlinemiami.ilk
c:\users\maxim\onedrive - hogeschool west-vlaanderen\howest\sem2\sem2_programming2\00_game_project\game\debug\hotlinemiami.pdb
c:\users\maxim\onedrive - hogeschool west-vlaanderen\howest\sem2\sem2_programming2\00_game_project\game\hotlinemiami\debug\hotlinemiami.tlog\cl.command.1.tlog
c:\users\maxim\onedrive - hogeschool west-vlaanderen\howest\sem2\sem2_programming2\00_game_project\game\hotlinemiami\debug\hotlinemiami.tlog\cl.read.1.tlog
c:\users\maxim\onedrive - hogeschool west-vlaanderen\howest\sem2\sem2_programming2\00_game_project\game\hotlinemiami\debug\hotlinemiami.tlog\cl.write.1.tlog
c:\users\maxim\onedrive - hogeschool west-vlaanderen\howest\sem2\sem2_programming2\00_game_project\game\hotlinemiami\debug\hotlinemiami.tlog\link.command.1.tlog
c:\users\maxim\onedrive - hogeschool west-vlaanderen\howest\sem2\sem2_programming2\00_game_project\game\hotlinemiami\debug\hotlinemiami.tlog\link.read.1.tlog
c:\users\maxim\onedrive - hogeschool west-vlaanderen\howest\sem2\sem2_programming2\00_game_project\game\hotlinemiami\debug\hotlinemiami.tlog\link.write.1.tlog
