c:\users\maxim\onedrive - hogeschool west-vlaanderen\howest\sem2_programming2\00_game_project\1dae21_robeyst_maxim_hotlinemiami\robeyst_maxim_hotlinemiami\game\hotlinemiami\x64\debug\hotlinemiami.pch
c:\users\maxim\onedrive - hogeschool west-vlaanderen\howest\sem2_programming2\00_game_project\1dae21_robeyst_maxim_hotlinemiami\robeyst_maxim_hotlinemiami\game\hotlinemiami\x64\debug\vc142.pdb
c:\users\maxim\onedrive - hogeschool west-vlaanderen\howest\sem2_programming2\00_game_project\1dae21_robeyst_maxim_hotlinemiami\robeyst_maxim_hotlinemiami\game\hotlinemiami\x64\debug\vc142.idb
c:\users\maxim\onedrive - hogeschool west-vlaanderen\howest\sem2_programming2\00_game_project\1dae21_robeyst_maxim_hotlinemiami\robeyst_maxim_hotlinemiami\game\hotlinemiami\x64\debug\pch.obj
c:\users\maxim\onedrive - hogeschool west-vlaanderen\howest\sem2_programming2\00_game_project\1dae21_robeyst_maxim_hotlinemiami\robeyst_maxim_hotlinemiami\game\hotlinemiami\x64\debug\pickup.obj
c:\users\maxim\onedrive - hogeschool west-vlaanderen\howest\sem2_programming2\00_game_project\1dae21_robeyst_maxim_hotlinemiami\robeyst_maxim_hotlinemiami\game\hotlinemiami\x64\debug\mobster.obj
c:\users\maxim\onedrive - hogeschool west-vlaanderen\howest\sem2_programming2\00_game_project\1dae21_robeyst_maxim_hotlinemiami\robeyst_maxim_hotlinemiami\game\hotlinemiami\x64\debug\mellee.obj
c:\users\maxim\onedrive - hogeschool west-vlaanderen\howest\sem2_programming2\00_game_project\1dae21_robeyst_maxim_hotlinemiami\robeyst_maxim_hotlinemiami\game\hotlinemiami\x64\debug\matrix2x3.obj
c:\users\maxim\onedrive - hogeschool west-vlaanderen\howest\sem2_programming2\00_game_project\1dae21_robeyst_maxim_hotlinemiami\robeyst_maxim_hotlinemiami\game\hotlinemiami\x64\debug\main.obj
c:\users\maxim\onedrive - hogeschool west-vlaanderen\howest\sem2_programming2\00_game_project\1dae21_robeyst_maxim_hotlinemiami\robeyst_maxim_hotlinemiami\game\hotlinemiami\x64\debug\level.obj
c:\users\maxim\onedrive - hogeschool west-vlaanderen\howest\sem2_programming2\00_game_project\1dae21_robeyst_maxim_hotlinemiami\robeyst_maxim_hotlinemiami\game\hotlinemiami\x64\debug\hud.obj
c:\users\maxim\onedrive - hogeschool west-vlaanderen\howest\sem2_programming2\00_game_project\1dae21_robeyst_maxim_hotlinemiami\robeyst_maxim_hotlinemiami\game\hotlinemiami\x64\debug\gun.obj
c:\users\maxim\onedrive - hogeschool west-vlaanderen\howest\sem2_programming2\00_game_project\1dae21_robeyst_maxim_hotlinemiami\robeyst_maxim_hotlinemiami\game\hotlinemiami\x64\debug\gameobject.obj
c:\users\maxim\onedrive - hogeschool west-vlaanderen\howest\sem2_programming2\00_game_project\1dae21_robeyst_maxim_hotlinemiami\robeyst_maxim_hotlinemiami\game\hotlinemiami\x64\debug\game.obj
c:\users\maxim\onedrive - hogeschool west-vlaanderen\howest\sem2_programming2\00_game_project\1dae21_robeyst_maxim_hotlinemiami\robeyst_maxim_hotlinemiami\game\hotlinemiami\x64\debug\enemymanager.obj
c:\users\maxim\onedrive - hogeschool west-vlaanderen\howest\sem2_programming2\00_game_project\1dae21_robeyst_maxim_hotlinemiami\robeyst_maxim_hotlinemiami\game\hotlinemiami\x64\debug\enemy.obj
c:\users\maxim\onedrive - hogeschool west-vlaanderen\howest\sem2_programming2\00_game_project\1dae21_robeyst_maxim_hotlinemiami\robeyst_maxim_hotlinemiami\game\hotlinemiami\x64\debug\door.obj
c:\users\maxim\onedrive - hogeschool west-vlaanderen\howest\sem2_programming2\00_game_project\1dae21_robeyst_maxim_hotlinemiami\robeyst_maxim_hotlinemiami\game\hotlinemiami\x64\debug\dog.obj
c:\users\maxim\onedrive - hogeschool west-vlaanderen\howest\sem2_programming2\00_game_project\1dae21_robeyst_maxim_hotlinemiami\robeyst_maxim_hotlinemiami\game\hotlinemiami\x64\debug\core.obj
c:\users\maxim\onedrive - hogeschool west-vlaanderen\howest\sem2_programming2\00_game_project\1dae21_robeyst_maxim_hotlinemiami\robeyst_maxim_hotlinemiami\game\hotlinemiami\x64\debug\car.obj
c:\users\maxim\onedrive - hogeschool west-vlaanderen\howest\sem2_programming2\00_game_project\1dae21_robeyst_maxim_hotlinemiami\robeyst_maxim_hotlinemiami\game\hotlinemiami\x64\debug\camera.obj
c:\users\maxim\onedrive - hogeschool west-vlaanderen\howest\sem2_programming2\00_game_project\1dae21_robeyst_maxim_hotlinemiami\robeyst_maxim_hotlinemiami\game\hotlinemiami\x64\debug\bullet.obj
c:\users\maxim\onedrive - hogeschool west-vlaanderen\howest\sem2_programming2\00_game_project\1dae21_robeyst_maxim_hotlinemiami\robeyst_maxim_hotlinemiami\game\hotlinemiami\x64\debug\bloodpool.obj
c:\users\maxim\onedrive - hogeschool west-vlaanderen\howest\sem2_programming2\00_game_project\1dae21_robeyst_maxim_hotlinemiami\robeyst_maxim_hotlinemiami\game\hotlinemiami\x64\debug\animation.obj
c:\users\maxim\onedrive - hogeschool west-vlaanderen\howest\sem2_programming2\00_game_project\1dae21_robeyst_maxim_hotlinemiami\robeyst_maxim_hotlinemiami\game\hotlinemiami\x64\debug\weapon.obj
c:\users\maxim\onedrive - hogeschool west-vlaanderen\howest\sem2_programming2\00_game_project\1dae21_robeyst_maxim_hotlinemiami\robeyst_maxim_hotlinemiami\game\hotlinemiami\x64\debug\vector2f.obj
c:\users\maxim\onedrive - hogeschool west-vlaanderen\howest\sem2_programming2\00_game_project\1dae21_robeyst_maxim_hotlinemiami\robeyst_maxim_hotlinemiami\game\hotlinemiami\x64\debug\utils.obj
c:\users\maxim\onedrive - hogeschool west-vlaanderen\howest\sem2_programming2\00_game_project\1dae21_robeyst_maxim_hotlinemiami\robeyst_maxim_hotlinemiami\game\hotlinemiami\x64\debug\resourcemanager.obj
c:\users\maxim\onedrive - hogeschool west-vlaanderen\howest\sem2_programming2\00_game_project\1dae21_robeyst_maxim_hotlinemiami\robeyst_maxim_hotlinemiami\game\hotlinemiami\x64\debug\texture.obj
c:\users\maxim\onedrive - hogeschool west-vlaanderen\howest\sem2_programming2\00_game_project\1dae21_robeyst_maxim_hotlinemiami\robeyst_maxim_hotlinemiami\game\hotlinemiami\x64\debug\svgparser.obj
c:\users\maxim\onedrive - hogeschool west-vlaanderen\howest\sem2_programming2\00_game_project\1dae21_robeyst_maxim_hotlinemiami\robeyst_maxim_hotlinemiami\game\hotlinemiami\x64\debug\structs.obj
c:\users\maxim\onedrive - hogeschool west-vlaanderen\howest\sem2_programming2\00_game_project\1dae21_robeyst_maxim_hotlinemiami\robeyst_maxim_hotlinemiami\game\hotlinemiami\x64\debug\soundstream.obj
c:\users\maxim\onedrive - hogeschool west-vlaanderen\howest\sem2_programming2\00_game_project\1dae21_robeyst_maxim_hotlinemiami\robeyst_maxim_hotlinemiami\game\hotlinemiami\x64\debug\soundeffect.obj
c:\users\maxim\onedrive - hogeschool west-vlaanderen\howest\sem2_programming2\00_game_project\1dae21_robeyst_maxim_hotlinemiami\robeyst_maxim_hotlinemiami\game\hotlinemiami\x64\debug\player.obj
c:\users\maxim\onedrive - hogeschool west-vlaanderen\howest\sem2_programming2\00_game_project\1dae21_robeyst_maxim_hotlinemiami\robeyst_maxim_hotlinemiami\game\hotlinemiami\x64\debug\pickupmanager.obj
c:\users\maxim\onedrive - hogeschool west-vlaanderen\howest\sem2_programming2\00_game_project\1dae21_robeyst_maxim_hotlinemiami\robeyst_maxim_hotlinemiami\game\x64\debug\hotlinemiami.exe
c:\users\maxim\onedrive - hogeschool west-vlaanderen\howest\sem2_programming2\00_game_project\1dae21_robeyst_maxim_hotlinemiami\robeyst_maxim_hotlinemiami\game\x64\debug\hotlinemiami.ilk
c:\users\maxim\onedrive - hogeschool west-vlaanderen\howest\sem2_programming2\00_game_project\1dae21_robeyst_maxim_hotlinemiami\robeyst_maxim_hotlinemiami\game\x64\debug\hotlinemiami.pdb
c:\users\maxim\onedrive - hogeschool west-vlaanderen\howest\sem2_programming2\00_game_project\1dae21_robeyst_maxim_hotlinemiami\robeyst_maxim_hotlinemiami\game\hotlinemiami\x64\debug\hotlinemiami.tlog\cl.command.1.tlog
c:\users\maxim\onedrive - hogeschool west-vlaanderen\howest\sem2_programming2\00_game_project\1dae21_robeyst_maxim_hotlinemiami\robeyst_maxim_hotlinemiami\game\hotlinemiami\x64\debug\hotlinemiami.tlog\cl.read.1.tlog
c:\users\maxim\onedrive - hogeschool west-vlaanderen\howest\sem2_programming2\00_game_project\1dae21_robeyst_maxim_hotlinemiami\robeyst_maxim_hotlinemiami\game\hotlinemiami\x64\debug\hotlinemiami.tlog\cl.write.1.tlog
c:\users\maxim\onedrive - hogeschool west-vlaanderen\howest\sem2_programming2\00_game_project\1dae21_robeyst_maxim_hotlinemiami\robeyst_maxim_hotlinemiami\game\hotlinemiami\x64\debug\hotlinemiami.tlog\link.command.1.tlog
c:\users\maxim\onedrive - hogeschool west-vlaanderen\howest\sem2_programming2\00_game_project\1dae21_robeyst_maxim_hotlinemiami\robeyst_maxim_hotlinemiami\game\hotlinemiami\x64\debug\hotlinemiami.tlog\link.read.1.tlog
c:\users\maxim\onedrive - hogeschool west-vlaanderen\howest\sem2_programming2\00_game_project\1dae21_robeyst_maxim_hotlinemiami\robeyst_maxim_hotlinemiami\game\hotlinemiami\x64\debug\hotlinemiami.tlog\link.write.1.tlog
